{"C:\\Users\\Nessa\\Desktop\\contact form\\contact-form-react\\src\\App.jsx": {"path":"C:\\Users\\Nessa\\Desktop\\contact form\\contact-form-react\\src\\App.jsx","statementMap":{"0":{"start":{"line":9,"column":28},"end":{"line":14,"column":1}},"1":{"start":{"line":18,"column":2},"end":{"line":18,"column":73}},"2":{"start":{"line":21,"column":26},"end":{"line":21,"column":38}},"3":{"start":{"line":22,"column":28},"end":{"line":22,"column":40}},"4":{"start":{"line":23,"column":34},"end":{"line":23,"column":46}},"5":{"start":{"line":24,"column":28},"end":{"line":24,"column":40}},"6":{"start":{"line":25,"column":28},"end":{"line":25,"column":50}},"7":{"start":{"line":26,"column":32},"end":{"line":26,"column":44}},"8":{"start":{"line":27,"column":34},"end":{"line":27,"column":48}},"9":{"start":{"line":30,"column":2},"end":{"line":43,"column":46}},"10":{"start":{"line":31,"column":4},"end":{"line":42,"column":5}},"11":{"start":{"line":39,"column":6},"end":{"line":39,"column":25}},"12":{"start":{"line":41,"column":6},"end":{"line":41,"column":24}},"13":{"start":{"line":46,"column":26},"end":{"line":60,"column":3}},"14":{"start":{"line":47,"column":4},"end":{"line":47,"column":23}},"15":{"start":{"line":49,"column":4},"end":{"line":59,"column":6}},"16":{"start":{"line":62,"column":2},"end":{"line":112,"column":4}},"17":{"start":{"line":65,"column":29},"end":{"line":65,"column":47}}},"fnMap":{"0":{"name":"App","decl":{"start":{"line":20,"column":9},"end":{"line":20,"column":12}},"loc":{"start":{"line":20,"column":15},"end":{"line":113,"column":1}},"line":20},"1":{"name":"(anonymous_1)","decl":{"start":{"line":30,"column":12},"end":{"line":30,"column":13}},"loc":{"start":{"line":30,"column":18},"end":{"line":43,"column":3}},"line":30},"2":{"name":"(anonymous_2)","decl":{"start":{"line":46,"column":26},"end":{"line":46,"column":27}},"loc":{"start":{"line":46,"column":33},"end":{"line":60,"column":3}},"line":46},"3":{"name":"(anonymous_3)","decl":{"start":{"line":65,"column":22},"end":{"line":65,"column":23}},"loc":{"start":{"line":65,"column":29},"end":{"line":65,"column":47}},"line":65}},"branchMap":{"0":{"loc":{"start":{"line":31,"column":4},"end":{"line":42,"column":5}},"type":"if","locations":[{"start":{"line":31,"column":4},"end":{"line":42,"column":5}},{"start":{"line":40,"column":11},"end":{"line":42,"column":5}}],"line":31},"1":{"loc":{"start":{"line":32,"column":6},"end":{"line":37,"column":24}},"type":"binary-expr","locations":[{"start":{"line":32,"column":6},"end":{"line":32,"column":21}},{"start":{"line":33,"column":6},"end":{"line":33,"column":22}},{"start":{"line":34,"column":6},"end":{"line":34,"column":25}},{"start":{"line":35,"column":6},"end":{"line":35,"column":22}},{"start":{"line":36,"column":6},"end":{"line":36,"column":22}},{"start":{"line":37,"column":6},"end":{"line":37,"column":24}}],"line":32}},"s":{"0":0,"1":0,"2":0,"3":0,"4":0,"5":0,"6":0,"7":0,"8":0,"9":0,"10":0,"11":0,"12":0,"13":0,"14":0,"15":0,"16":0,"17":0},"f":{"0":0,"1":0,"2":0,"3":0},"b":{"0":[0,0],"1":[0,0,0,0,0,0]}}
,"C:\\Users\\Nessa\\Desktop\\contact form\\contact-form-react\\src\\main.jsx": {"path":"C:\\Users\\Nessa\\Desktop\\contact form\\contact-form-react\\src\\main.jsx","statementMap":{"0":{"start":{"line":6,"column":0},"end":{"line":10,"column":1}}},"fnMap":{},"branchMap":{},"s":{"0":0},"f":{},"b":{}}
,"C:\\Users\\Nessa\\Desktop\\contact form\\contact-form-react\\src\\controllers\\sendRequest.js": {"path":"C:\\Users\\Nessa\\Desktop\\contact form\\contact-form-react\\src\\controllers\\sendRequest.js","statementMap":{"0":{"start":{"line":3,"column":21},"end":{"line":13,"column":1}},"1":{"start":{"line":5,"column":4},"end":{"line":12,"column":9}}},"fnMap":{"0":{"name":"(anonymous_0)","decl":{"start":{"line":3,"column":21},"end":{"line":3,"column":22}},"loc":{"start":{"line":3,"column":36},"end":{"line":13,"column":1}},"line":3}},"branchMap":{},"s":{"0":0,"1":0},"f":{"0":0},"b":{}}
,"C:\\Users\\Nessa\\Desktop\\contact form\\contact-form-react\\src\\controllers\\validation.js": {"path":"C:\\Users\\Nessa\\Desktop\\contact form\\contact-form-react\\src\\controllers\\validation.js","statementMap":{"0":{"start":{"line":1,"column":26},"end":{"line":46,"column":1}},"1":{"start":{"line":3,"column":31},"end":{"line":6,"column":3}},"2":{"start":{"line":8,"column":33},"end":{"line":11,"column":3}},"3":{"start":{"line":14,"column":2},"end":{"line":45,"column":3}},"4":{"start":{"line":16,"column":6},"end":{"line":22,"column":7}},"5":{"start":{"line":21,"column":8},"end":{"line":21,"column":38}},"6":{"start":{"line":23,"column":6},"end":{"line":23,"column":34}},"7":{"start":{"line":26,"column":6},"end":{"line":28,"column":7}},"8":{"start":{"line":27,"column":8},"end":{"line":27,"column":38}},"9":{"start":{"line":29,"column":6},"end":{"line":29,"column":34}},"10":{"start":{"line":31,"column":6},"end":{"line":33,"column":7}},"11":{"start":{"line":32,"column":8},"end":{"line":32,"column":38}},"12":{"start":{"line":34,"column":6},"end":{"line":34,"column":34}},"13":{"start":{"line":36,"column":6},"end":{"line":38,"column":7}},"14":{"start":{"line":37,"column":8},"end":{"line":37,"column":38}},"15":{"start":{"line":39,"column":6},"end":{"line":39,"column":34}},"16":{"start":{"line":41,"column":6},"end":{"line":43,"column":7}},"17":{"start":{"line":42,"column":8},"end":{"line":42,"column":38}},"18":{"start":{"line":44,"column":6},"end":{"line":44,"column":34}}},"fnMap":{"0":{"name":"(anonymous_0)","decl":{"start":{"line":1,"column":26},"end":{"line":1,"column":27}},"loc":{"start":{"line":1,"column":55},"end":{"line":46,"column":1}},"line":1}},"branchMap":{"0":{"loc":{"start":{"line":14,"column":2},"end":{"line":45,"column":3}},"type":"switch","locations":[{"start":{"line":15,"column":4},"end":{"line":23,"column":34}},{"start":{"line":25,"column":4},"end":{"line":29,"column":34}},{"start":{"line":30,"column":4},"end":{"line":34,"column":34}},{"start":{"line":35,"column":4},"end":{"line":39,"column":34}},{"start":{"line":40,"column":4},"end":{"line":44,"column":34}}],"line":14},"1":{"loc":{"start":{"line":16,"column":6},"end":{"line":22,"column":7}},"type":"if","locations":[{"start":{"line":16,"column":6},"end":{"line":22,"column":7}},{"start":{},"end":{}}],"line":16},"2":{"loc":{"start":{"line":26,"column":6},"end":{"line":28,"column":7}},"type":"if","locations":[{"start":{"line":26,"column":6},"end":{"line":28,"column":7}},{"start":{},"end":{}}],"line":26},"3":{"loc":{"start":{"line":26,"column":10},"end":{"line":26,"column":47}},"type":"binary-expr","locations":[{"start":{"line":26,"column":10},"end":{"line":26,"column":26}},{"start":{"line":26,"column":30},"end":{"line":26,"column":47}}],"line":26},"4":{"loc":{"start":{"line":31,"column":6},"end":{"line":33,"column":7}},"type":"if","locations":[{"start":{"line":31,"column":6},"end":{"line":33,"column":7}},{"start":{},"end":{}}],"line":31},"5":{"loc":{"start":{"line":31,"column":10},"end":{"line":31,"column":47}},"type":"binary-expr","locations":[{"start":{"line":31,"column":10},"end":{"line":31,"column":26}},{"start":{"line":31,"column":30},"end":{"line":31,"column":47}}],"line":31},"6":{"loc":{"start":{"line":36,"column":6},"end":{"line":38,"column":7}},"type":"if","locations":[{"start":{"line":36,"column":6},"end":{"line":38,"column":7}},{"start":{},"end":{}}],"line":36},"7":{"loc":{"start":{"line":36,"column":10},"end":{"line":36,"column":50}},"type":"binary-expr","locations":[{"start":{"line":36,"column":10},"end":{"line":36,"column":27}},{"start":{"line":36,"column":31},"end":{"line":36,"column":50}}],"line":36},"8":{"loc":{"start":{"line":41,"column":6},"end":{"line":43,"column":7}},"type":"if","locations":[{"start":{"line":41,"column":6},"end":{"line":43,"column":7}},{"start":{},"end":{}}],"line":41}},"s":{"0":2,"1":2,"2":2,"3":2,"4":0,"5":0,"6":0,"7":0,"8":0,"9":0,"10":0,"11":0,"12":0,"13":1,"14":0,"15":1,"16":0,"17":0,"18":0},"f":{"0":2},"b":{"0":[0,0,0,1,0],"1":[0,0],"2":[0,0],"3":[0,0],"4":[0,0],"5":[0,0],"6":[0,1],"7":[1,0],"8":[0,0]},"_coverageSchema":"1a1c01bbd47fc00a2c39e90264f33305004495a9","hash":"4b8dd1f8c87a07a0c1074fd48c96932baddea04a"}
,"C:\\Users\\Nessa\\Desktop\\contact form\\contact-form-react\\src\\models\\InputField.jsx": {"path":"C:\\Users\\Nessa\\Desktop\\contact form\\contact-form-react\\src\\models\\InputField.jsx","statementMap":{"0":{"start":{"line":13,"column":18},"end":{"line":13,"column":62}},"1":{"start":{"line":15,"column":2},"end":{"line":35,"column":4}},"2":{"start":{"line":27,"column":10},"end":{"line":27,"column":39}}},"fnMap":{"0":{"name":"InputField","decl":{"start":{"line":4,"column":9},"end":{"line":4,"column":19}},"loc":{"start":{"line":11,"column":3},"end":{"line":36,"column":1}},"line":11},"1":{"name":"(anonymous_1)","decl":{"start":{"line":26,"column":18},"end":{"line":26,"column":19}},"loc":{"start":{"line":26,"column":25},"end":{"line":28,"column":9}},"line":26}},"branchMap":{"0":{"loc":{"start":{"line":31,"column":7},"end":{"line":33,"column":14}},"type":"cond-expr","locations":[{"start":{"line":32,"column":8},"end":{"line":32,"column":56}},{"start":{"line":33,"column":10},"end":{"line":33,"column":14}}],"line":31}},"s":{"0":1,"1":1,"2":1},"f":{"0":1,"1":1},"b":{"0":[0,1]},"_coverageSchema":"1a1c01bbd47fc00a2c39e90264f33305004495a9","hash":"2cc85c201ec9444046b1250d9c39479dfefe1125"}
,"C:\\Users\\Nessa\\Desktop\\contact form\\contact-form-react\\src\\models\\Option.jsx": {"path":"C:\\Users\\Nessa\\Desktop\\contact form\\contact-form-react\\src\\models\\Option.jsx","statementMap":{"0":{"start":{"line":4,"column":2},"end":{"line":6,"column":3}}},"fnMap":{"0":{"name":"Option","decl":{"start":{"line":3,"column":9},"end":{"line":3,"column":15}},"loc":{"start":{"line":3,"column":25},"end":{"line":7,"column":1}},"line":3}},"branchMap":{},"s":{"0":0},"f":{"0":0},"b":{}}
,"C:\\Users\\Nessa\\Desktop\\contact form\\contact-form-react\\src\\models\\Select.jsx": {"path":"C:\\Users\\Nessa\\Desktop\\contact form\\contact-form-react\\src\\models\\Select.jsx","statementMap":{"0":{"start":{"line":5,"column":2},"end":{"line":20,"column":4}},"1":{"start":{"line":12,"column":25},"end":{"line":12,"column":53}},"2":{"start":{"line":16,"column":10},"end":{"line":16,"column":54}}},"fnMap":{"0":{"name":"Select","decl":{"start":{"line":4,"column":9},"end":{"line":4,"column":15}},"loc":{"start":{"line":4,"column":64},"end":{"line":21,"column":1}},"line":4},"1":{"name":"(anonymous_1)","decl":{"start":{"line":12,"column":18},"end":{"line":12,"column":19}},"loc":{"start":{"line":12,"column":25},"end":{"line":12,"column":53}},"line":12},"2":{"name":"(anonymous_2)","decl":{"start":{"line":14,"column":18},"end":{"line":14,"column":19}},"loc":{"start":{"line":14,"column":25},"end":{"line":17,"column":9}},"line":14}},"branchMap":{},"s":{"0":0,"1":0,"2":0},"f":{"0":0,"1":0,"2":0},"b":{}}
,"C:\\Users\\Nessa\\Desktop\\contact form\\contact-form-react\\src\\models\\SubmitBtn.jsx": {"path":"C:\\Users\\Nessa\\Desktop\\contact form\\contact-form-react\\src\\models\\SubmitBtn.jsx","statementMap":{"0":{"start":{"line":4,"column":2},"end":{"line":8,"column":4}}},"fnMap":{"0":{"name":"SubmitBtn","decl":{"start":{"line":3,"column":9},"end":{"line":3,"column":18}},"loc":{"start":{"line":3,"column":46},"end":{"line":9,"column":1}},"line":3}},"branchMap":{},"s":{"0":0},"f":{"0":0},"b":{}}
,"C:\\Users\\Nessa\\Desktop\\contact form\\contact-form-react\\src\\models\\Textarea.jsx": {"path":"C:\\Users\\Nessa\\Desktop\\contact form\\contact-form-react\\src\\models\\Textarea.jsx","statementMap":{"0":{"start":{"line":7,"column":18},"end":{"line":11,"column":3}},"1":{"start":{"line":13,"column":2},"end":{"line":28,"column":4}},"2":{"start":{"line":18,"column":25},"end":{"line":18,"column":53}}},"fnMap":{"0":{"name":"Textarea","decl":{"start":{"line":4,"column":9},"end":{"line":4,"column":17}},"loc":{"start":{"line":4,"column":54},"end":{"line":29,"column":1}},"line":4},"1":{"name":"(anonymous_1)","decl":{"start":{"line":18,"column":18},"end":{"line":18,"column":19}},"loc":{"start":{"line":18,"column":25},"end":{"line":18,"column":53}},"line":18}},"branchMap":{"0":{"loc":{"start":{"line":26,"column":7},"end":{"line":26,"column":98}},"type":"cond-expr","locations":[{"start":{"line":26,"column":43},"end":{"line":26,"column":91}},{"start":{"line":26,"column":94},"end":{"line":26,"column":98}}],"line":26}},"s":{"0":1,"1":1,"2":0},"f":{"0":1,"1":0},"b":{"0":[1,0]},"_coverageSchema":"1a1c01bbd47fc00a2c39e90264f33305004495a9","hash":"21a4d9aff7cec5b6322ded45ac5c6ba6d5cecfb1"}
}
