TN:
SF:src\App.jsx
FN:20,App
FN:30,(anonymous_1)
FN:46,(anonymous_2)
FN:65,(anonymous_3)
FNF:4
FNH:0
FNDA:0,App
FNDA:0,(anonymous_1)
FNDA:0,(anonymous_2)
FNDA:0,(anonymous_3)
DA:9,0
DA:18,0
DA:21,0
DA:22,0
DA:23,0
DA:24,0
DA:25,0
DA:26,0
DA:27,0
DA:30,0
DA:31,0
DA:39,0
DA:41,0
DA:46,0
DA:47,0
DA:49,0
DA:62,0
DA:65,0
LF:18
LH:0
BRDA:31,0,0,0
BRDA:31,0,1,0
BRDA:32,1,0,0
BRDA:32,1,1,0
BRDA:32,1,2,0
BRDA:32,1,3,0
BRDA:32,1,4,0
BRDA:32,1,5,0
BRF:8
BRH:0
end_of_record
TN:
SF:src\main.jsx
FNF:0
FNH:0
DA:6,0
LF:1
LH:0
BRF:0
BRH:0
end_of_record
TN:
SF:src\controllers\sendRequest.js
FN:3,(anonymous_0)
FNF:1
FNH:0
FNDA:0,(anonymous_0)
DA:3,0
DA:5,0
LF:2
LH:0
BRF:0
BRH:0
end_of_record
TN:
SF:src\controllers\validation.js
FN:1,(anonymous_0)
FNF:1
FNH:1
FNDA:2,(anonymous_0)
DA:1,2
DA:3,2
DA:8,2
DA:14,2
DA:16,0
DA:21,0
DA:23,0
DA:26,0
DA:27,0
DA:29,0
DA:31,0
DA:32,0
DA:34,0
DA:36,1
DA:37,0
DA:39,1
DA:41,0
DA:42,0
DA:44,0
LF:19
LH:6
BRDA:14,0,0,0
BRDA:14,0,1,0
BRDA:14,0,2,0
BRDA:14,0,3,1
BRDA:14,0,4,0
BRDA:16,1,0,0
BRDA:16,1,1,0
BRDA:26,2,0,0
BRDA:26,2,1,0
BRDA:26,3,0,0
BRDA:26,3,1,0
BRDA:31,4,0,0
BRDA:31,4,1,0
BRDA:31,5,0,0
BRDA:31,5,1,0
BRDA:36,6,0,0
BRDA:36,6,1,1
BRDA:36,7,0,1
BRDA:36,7,1,0
BRDA:41,8,0,0
BRDA:41,8,1,0
BRF:21
BRH:3
end_of_record
TN:
SF:src\models\InputField.jsx
FN:4,InputField
FN:26,(anonymous_1)
FNF:2
FNH:2
FNDA:1,InputField
FNDA:1,(anonymous_1)
DA:13,1
DA:15,1
DA:27,1
LF:3
LH:3
BRDA:31,0,0,0
BRDA:31,0,1,1
BRF:2
BRH:1
end_of_record
TN:
SF:src\models\Option.jsx
FN:3,Option
FNF:1
FNH:0
FNDA:0,Option
DA:4,0
LF:1
LH:0
BRF:0
BRH:0
end_of_record
TN:
SF:src\models\Select.jsx
FN:4,Select
FN:12,(anonymous_1)
FN:14,(anonymous_2)
FNF:3
FNH:0
FNDA:0,Select
FNDA:0,(anonymous_1)
FNDA:0,(anonymous_2)
DA:5,0
DA:12,0
DA:16,0
LF:3
LH:0
BRF:0
BRH:0
end_of_record
TN:
SF:src\models\SubmitBtn.jsx
FN:3,SubmitBtn
FNF:1
FNH:0
FNDA:0,SubmitBtn
DA:4,0
LF:1
LH:0
BRF:0
BRH:0
end_of_record
TN:
SF:src\models\Textarea.jsx
FN:4,Textarea
FN:18,(anonymous_1)
FNF:2
FNH:1
FNDA:1,Textarea
FNDA:0,(anonymous_1)
DA:7,1
DA:13,1
DA:18,0
LF:3
LH:2
BRDA:26,0,0,1
BRDA:26,0,1,0
BRF:2
BRH:1
end_of_record
